2020-10-27 11:27:23,038 INFO  com.nopcommerce.users.Level_08_All_Feature -  -------------------------- PASSED -------------------------- 
2020-10-27 11:27:23,067 INFO  com.nopcommerce.users.Level_08_All_Feature -  -------------------------- PASSED -------------------------- 
2020-10-27 11:27:23,097 INFO  com.nopcommerce.users.Level_08_All_Feature -  -------------------------- PASSED -------------------------- 
2020-10-27 11:27:23,125 INFO  com.nopcommerce.users.Level_08_All_Feature -  -------------------------- PASSED -------------------------- 
2020-10-27 11:27:23,156 INFO  com.nopcommerce.users.Level_08_All_Feature -  -------------------------- PASSED -------------------------- 
2020-10-27 11:27:24,815 INFO  com.nopcommerce.users.Level_08_All_Feature -  -------------------------- PASSED -------------------------- 
2020-10-27 11:30:25,336 INFO  com.nopcommerce.users.Level_08_All_Feature -  -------------------------- PASSED -------------------------- 
2020-10-27 11:30:25,367 INFO  com.nopcommerce.users.Level_08_All_Feature -  -------------------------- PASSED -------------------------- 
2020-10-27 11:30:25,408 INFO  com.nopcommerce.users.Level_08_All_Feature -  -------------------------- PASSED -------------------------- 
2020-10-27 11:30:25,444 INFO  com.nopcommerce.users.Level_08_All_Feature -  -------------------------- PASSED -------------------------- 
2020-10-27 11:30:25,483 INFO  com.nopcommerce.users.Level_08_All_Feature -  -------------------------- PASSED -------------------------- 
2020-10-27 11:30:27,120 INFO  com.nopcommerce.users.Level_08_All_Feature -  -------------------------- PASSED -------------------------- 
2020-10-27 11:30:27,560 INFO  com.nopcommerce.users.Level_08_All_Feature -  -------------------------- FAILED -------------------------- 
2020-10-27 11:31:50,079 INFO  com.nopcommerce.users.Level_08_All_Feature -  -------------------------- PASSED -------------------------- 
2020-10-27 11:31:50,119 INFO  com.nopcommerce.users.Level_08_All_Feature -  -------------------------- PASSED -------------------------- 
2020-10-27 11:31:50,150 INFO  com.nopcommerce.users.Level_08_All_Feature -  -------------------------- PASSED -------------------------- 
2020-10-27 11:31:50,182 INFO  com.nopcommerce.users.Level_08_All_Feature -  -------------------------- PASSED -------------------------- 
2020-10-27 11:31:50,233 INFO  com.nopcommerce.users.Level_08_All_Feature -  -------------------------- PASSED -------------------------- 
2020-10-27 11:31:51,906 INFO  com.nopcommerce.users.Level_08_All_Feature -  -------------------------- PASSED -------------------------- 
2020-10-27 11:31:52,331 INFO  com.nopcommerce.users.Level_08_All_Feature -  -------------------------- FAILED -------------------------- 
2020-10-27 11:32:52,758 INFO  com.nopcommerce.users.Level_08_All_Feature -  -------------------------- PASSED -------------------------- 
2020-10-27 11:32:52,787 INFO  com.nopcommerce.users.Level_08_All_Feature -  -------------------------- PASSED -------------------------- 
2020-10-27 11:32:52,821 INFO  com.nopcommerce.users.Level_08_All_Feature -  -------------------------- PASSED -------------------------- 
2020-10-27 11:32:52,852 INFO  com.nopcommerce.users.Level_08_All_Feature -  -------------------------- PASSED -------------------------- 
2020-10-27 11:32:52,881 INFO  com.nopcommerce.users.Level_08_All_Feature -  -------------------------- PASSED -------------------------- 
2020-10-27 11:32:54,532 INFO  com.nopcommerce.users.Level_08_All_Feature -  -------------------------- PASSED -------------------------- 
2020-10-27 11:32:54,985 INFO  com.nopcommerce.users.Level_08_All_Feature -  -------------------------- FAILED -------------------------- 
2020-10-27 11:33:31,856 INFO  com.nopcommerce.users.Level_08_All_Feature -  -------------------------- PASSED -------------------------- 
2020-10-27 11:33:31,889 INFO  com.nopcommerce.users.Level_08_All_Feature -  -------------------------- PASSED -------------------------- 
2020-10-27 11:33:31,920 INFO  com.nopcommerce.users.Level_08_All_Feature -  -------------------------- PASSED -------------------------- 
2020-10-27 11:33:31,953 INFO  com.nopcommerce.users.Level_08_All_Feature -  -------------------------- PASSED -------------------------- 
2020-10-27 11:33:31,984 INFO  com.nopcommerce.users.Level_08_All_Feature -  -------------------------- PASSED -------------------------- 
2020-10-27 11:33:33,620 INFO  com.nopcommerce.users.Level_08_All_Feature -  -------------------------- PASSED -------------------------- 
2020-10-27 11:33:34,045 INFO  com.nopcommerce.users.Level_08_All_Feature -  -------------------------- FAILED -------------------------- 
2020-10-27 11:33:58,728 INFO  com.nopcommerce.users.Level_08_All_Feature -  -------------------------- PASSED -------------------------- 
2020-10-27 11:33:58,758 INFO  com.nopcommerce.users.Level_08_All_Feature -  -------------------------- PASSED -------------------------- 
2020-10-27 11:33:58,785 INFO  com.nopcommerce.users.Level_08_All_Feature -  -------------------------- PASSED -------------------------- 
2020-10-27 11:33:58,817 INFO  com.nopcommerce.users.Level_08_All_Feature -  -------------------------- PASSED -------------------------- 
2020-10-27 11:33:58,846 INFO  com.nopcommerce.users.Level_08_All_Feature -  -------------------------- PASSED -------------------------- 
2020-10-27 11:34:00,502 INFO  com.nopcommerce.users.Level_08_All_Feature -  -------------------------- PASSED -------------------------- 
2020-10-27 11:34:00,935 INFO  com.nopcommerce.users.Level_08_All_Feature -  -------------------------- FAILED -------------------------- 
2020-10-27 11:35:32,373 INFO  com.nopcommerce.users.Level_08_All_Feature -  -------------------------- PASSED -------------------------- 
2020-10-27 11:35:32,404 INFO  com.nopcommerce.users.Level_08_All_Feature -  -------------------------- PASSED -------------------------- 
2020-10-27 11:35:32,436 INFO  com.nopcommerce.users.Level_08_All_Feature -  -------------------------- PASSED -------------------------- 
2020-10-27 11:35:32,469 INFO  com.nopcommerce.users.Level_08_All_Feature -  -------------------------- PASSED -------------------------- 
2020-10-27 11:35:32,498 INFO  com.nopcommerce.users.Level_08_All_Feature -  -------------------------- PASSED -------------------------- 
2020-10-27 11:35:34,191 INFO  com.nopcommerce.users.Level_08_All_Feature -  -------------------------- PASSED -------------------------- 
2020-10-27 11:35:34,639 INFO  com.nopcommerce.users.Level_08_All_Feature -  -------------------------- PASSED -------------------------- 
2020-10-27 11:50:03,813 INFO  com.nopcommerce.users.Level_08_Register -  -------------------------- PASSED -------------------------- 
2020-10-27 11:50:03,843 INFO  com.nopcommerce.users.Level_08_Register -  -------------------------- PASSED -------------------------- 
2020-10-27 11:50:03,873 INFO  com.nopcommerce.users.Level_08_Register -  -------------------------- PASSED -------------------------- 
2020-10-27 11:50:03,903 INFO  com.nopcommerce.users.Level_08_Register -  -------------------------- PASSED -------------------------- 
2020-10-27 11:50:03,930 INFO  com.nopcommerce.users.Level_08_Register -  -------------------------- PASSED -------------------------- 
2020-10-27 11:50:05,609 INFO  com.nopcommerce.users.Level_08_Register -  -------------------------- PASSED -------------------------- 
2020-10-27 11:50:06,053 INFO  com.nopcommerce.users.Level_08_Register -  -------------------------- PASSED -------------------------- 
2020-10-27 11:52:22,505 INFO  com.nopcommerce.users.Level_08_Register -  -------------------------- PASSED -------------------------- 
2020-10-27 11:52:22,540 INFO  com.nopcommerce.users.Level_08_Register -  -------------------------- PASSED -------------------------- 
2020-10-27 11:52:22,572 INFO  com.nopcommerce.users.Level_08_Register -  -------------------------- PASSED -------------------------- 
2020-10-27 11:52:22,602 INFO  com.nopcommerce.users.Level_08_Register -  -------------------------- PASSED -------------------------- 
2020-10-27 11:52:22,629 INFO  com.nopcommerce.users.Level_08_Register -  -------------------------- PASSED -------------------------- 
2020-10-27 11:52:24,295 INFO  com.nopcommerce.users.Level_08_Register -  -------------------------- PASSED -------------------------- 
2020-10-27 11:52:24,748 INFO  com.nopcommerce.users.Level_08_Register -  -------------------------- PASSED -------------------------- 
2020-10-27 13:25:10,104 INFO  com.nopcommerce.users.Level_08_Register -  -------------------------- PASSED -------------------------- 
2020-10-27 13:25:10,137 INFO  com.nopcommerce.users.Level_08_Register -  -------------------------- PASSED -------------------------- 
2020-10-27 13:25:10,167 INFO  com.nopcommerce.users.Level_08_Register -  -------------------------- PASSED -------------------------- 
2020-10-27 13:25:10,196 INFO  com.nopcommerce.users.Level_08_Register -  -------------------------- PASSED -------------------------- 
2020-10-27 13:25:10,225 INFO  com.nopcommerce.users.Level_08_Register -  -------------------------- PASSED -------------------------- 
2020-10-27 13:25:11,865 INFO  com.nopcommerce.users.Level_08_Register -  -------------------------- PASSED -------------------------- 
2020-10-27 13:25:12,292 INFO  com.nopcommerce.users.Level_08_Register -  -------------------------- PASSED -------------------------- 
2020-10-27 14:21:03,739 INFO  com.nopcommerce.users.Level_08_Login -  -------------------------- PASSED -------------------------- 
2020-10-27 14:21:03,903 INFO  com.nopcommerce.users.Level_08_Login -  -------------------------- PASSED -------------------------- 
2020-10-27 14:22:12,936 INFO  com.nopcommerce.users.Level_08_Login -  -------------------------- PASSED -------------------------- 
2020-10-27 14:22:13,298 INFO  com.nopcommerce.users.Level_08_Login -  -------------------------- PASSED -------------------------- 
2020-10-27 14:22:13,976 INFO  com.nopcommerce.users.Level_08_Login -  -------------------------- FAILED -------------------------- 
2020-10-27 14:22:15,369 INFO  com.nopcommerce.users.Level_08_Login -  -------------------------- FAILED -------------------------- 
2020-10-27 14:22:16,732 INFO  com.nopcommerce.users.Level_08_Login -  -------------------------- FAILED -------------------------- 
2020-10-27 14:23:41,829 INFO  com.nopcommerce.users.Level_08_Login -  -------------------------- PASSED -------------------------- 
2020-10-27 14:23:42,189 INFO  com.nopcommerce.users.Level_08_Login -  -------------------------- PASSED -------------------------- 
2020-10-27 14:23:43,541 INFO  com.nopcommerce.users.Level_08_Login -  -------------------------- PASSED -------------------------- 
2020-10-27 14:23:44,924 INFO  com.nopcommerce.users.Level_08_Login -  -------------------------- FAILED -------------------------- 
2020-10-27 14:23:45,585 INFO  com.nopcommerce.users.Level_08_Login -  -------------------------- FAILED -------------------------- 
2020-10-27 14:26:30,679 INFO  com.nopcommerce.users.Level_08_Login -  -------------------------- PASSED -------------------------- 
2020-10-27 14:26:31,035 INFO  com.nopcommerce.users.Level_08_Login -  -------------------------- PASSED -------------------------- 
2020-10-27 14:26:32,399 INFO  com.nopcommerce.users.Level_08_Login -  -------------------------- PASSED -------------------------- 
2020-10-27 14:26:33,190 INFO  com.nopcommerce.users.Level_08_Login -  -------------------------- PASSED -------------------------- 
2020-10-27 14:26:34,582 INFO  com.nopcommerce.users.Level_08_Login -  -------------------------- PASSED -------------------------- 
2020-10-27 17:31:54,356 INFO  com.nopcommerce.users.Level_08_Login -  -------------------------- PASSED -------------------------- 
2020-10-27 17:31:54,754 INFO  com.nopcommerce.users.Level_08_Login -  -------------------------- PASSED -------------------------- 
2020-10-27 17:31:56,123 INFO  com.nopcommerce.users.Level_08_Login -  -------------------------- PASSED -------------------------- 
2020-10-27 17:31:57,497 INFO  com.nopcommerce.users.Level_08_Login -  -------------------------- PASSED -------------------------- 
2020-10-27 17:31:58,914 INFO  com.nopcommerce.users.Level_08_Login -  -------------------------- PASSED -------------------------- 
2020-10-27 17:33:50,357 INFO  com.nopcommerce.users.Level_08_Login -  -------------------------- PASSED -------------------------- 
2020-10-27 17:33:50,703 INFO  com.nopcommerce.users.Level_08_Login -  -------------------------- PASSED -------------------------- 
2020-10-27 17:33:52,065 INFO  com.nopcommerce.users.Level_08_Login -  -------------------------- PASSED -------------------------- 
2020-10-27 17:33:53,428 INFO  com.nopcommerce.users.Level_08_Login -  -------------------------- PASSED -------------------------- 
2020-10-27 17:33:54,384 INFO  com.nopcommerce.users.Level_08_Login -  -------------------------- PASSED -------------------------- 
2020-10-27 17:37:13,649 INFO  com.nopcommerce.users.Level_08_Login -  -------------------------- PASSED -------------------------- 
2020-10-27 17:37:14,016 INFO  com.nopcommerce.users.Level_08_Login -  -------------------------- PASSED -------------------------- 
2020-10-27 17:37:15,231 INFO  com.nopcommerce.users.Level_08_Login -  -------------------------- PASSED -------------------------- 
2020-10-27 17:37:15,830 INFO  com.nopcommerce.users.Level_08_Login -  -------------------------- PASSED -------------------------- 
2020-10-27 17:37:17,073 INFO  com.nopcommerce.users.Level_08_Login -  -------------------------- PASSED -------------------------- 
2020-10-27 17:40:17,283 INFO  com.nopcommerce.users.Level_08_Login -  -------------------------- PASSED -------------------------- 
2020-10-27 17:40:17,649 INFO  com.nopcommerce.users.Level_08_Login -  -------------------------- PASSED -------------------------- 
2020-10-27 17:40:19,080 INFO  com.nopcommerce.users.Level_08_Login -  -------------------------- PASSED -------------------------- 
2020-10-27 17:40:20,603 INFO  com.nopcommerce.users.Level_08_Login -  -------------------------- PASSED -------------------------- 
2020-10-27 17:40:21,368 INFO  com.nopcommerce.users.Level_08_Login -  -------------------------- PASSED -------------------------- 
2020-10-27 17:49:21,345 INFO  com.nopcommerce.users.Level_08_Login -  -------------------------- PASSED -------------------------- 
2020-10-27 17:49:21,733 INFO  com.nopcommerce.users.Level_08_Login -  -------------------------- PASSED -------------------------- 
2020-10-27 17:49:23,155 INFO  com.nopcommerce.users.Level_08_Login -  -------------------------- PASSED -------------------------- 
2020-10-27 17:49:23,800 INFO  com.nopcommerce.users.Level_08_Login -  -------------------------- PASSED -------------------------- 
2020-10-27 17:49:25,177 INFO  com.nopcommerce.users.Level_08_Login -  -------------------------- PASSED -------------------------- 
2020-10-27 17:52:31,846 INFO  com.nopcommerce.users.Level_08_Login -  -------------------------- PASSED -------------------------- 
2020-10-27 17:52:32,235 INFO  com.nopcommerce.users.Level_08_Login -  -------------------------- PASSED -------------------------- 
2020-10-27 17:52:32,894 INFO  com.nopcommerce.users.Level_08_Login -  -------------------------- PASSED -------------------------- 
2020-10-27 17:52:34,243 INFO  com.nopcommerce.users.Level_08_Login -  -------------------------- PASSED -------------------------- 
2020-10-27 17:52:35,629 INFO  com.nopcommerce.users.Level_08_Login -  -------------------------- PASSED -------------------------- 
2020-10-27 18:07:32,537 INFO  com.nopcommerce.users.Level_08_My_Account -  -------------------------- PASSED -------------------------- 
2020-10-27 18:07:32,574 INFO  com.nopcommerce.users.Level_08_My_Account -  -------------------------- PASSED -------------------------- 
2020-10-27 18:07:32,607 INFO  com.nopcommerce.users.Level_08_My_Account -  -------------------------- PASSED -------------------------- 
2020-10-27 18:07:32,664 INFO  com.nopcommerce.users.Level_08_My_Account -  -------------------------- PASSED -------------------------- 
2020-10-27 18:07:32,713 INFO  com.nopcommerce.users.Level_08_My_Account -  -------------------------- PASSED -------------------------- 
2020-10-27 18:07:33,001 INFO  com.nopcommerce.users.Level_08_My_Account -  -------------------------- PASSED -------------------------- 
2020-10-28 09:25:21,080 INFO  com.nopcommerce.users.Level_08_My_Account -  -------------------------- PASSED -------------------------- 
2020-10-28 09:25:21,111 INFO  com.nopcommerce.users.Level_08_My_Account -  -------------------------- PASSED -------------------------- 
2020-10-28 09:25:21,144 INFO  com.nopcommerce.users.Level_08_My_Account -  -------------------------- PASSED -------------------------- 
2020-10-28 09:25:21,198 INFO  com.nopcommerce.users.Level_08_My_Account -  -------------------------- PASSED -------------------------- 
2020-10-28 09:25:21,246 INFO  com.nopcommerce.users.Level_08_My_Account -  -------------------------- PASSED -------------------------- 
2020-10-28 09:25:21,513 INFO  com.nopcommerce.users.Level_08_My_Account -  -------------------------- PASSED -------------------------- 
2020-10-28 09:25:21,543 INFO  com.nopcommerce.users.Level_08_My_Account -  -------------------------- FAILED -------------------------- 
2020-10-28 09:30:22,099 INFO  com.nopcommerce.users.Level_08_My_Account -  -------------------------- PASSED -------------------------- 
2020-10-28 09:30:22,129 INFO  com.nopcommerce.users.Level_08_My_Account -  -------------------------- PASSED -------------------------- 
2020-10-28 09:30:22,159 INFO  com.nopcommerce.users.Level_08_My_Account -  -------------------------- PASSED -------------------------- 
2020-10-28 09:30:22,218 INFO  com.nopcommerce.users.Level_08_My_Account -  -------------------------- PASSED -------------------------- 
2020-10-28 09:30:22,264 INFO  com.nopcommerce.users.Level_08_My_Account -  -------------------------- PASSED -------------------------- 
2020-10-28 09:30:22,592 INFO  com.nopcommerce.users.Level_08_My_Account -  -------------------------- PASSED -------------------------- 
2020-10-28 09:30:22,627 INFO  com.nopcommerce.users.Level_08_My_Account -  -------------------------- FAILED -------------------------- 
2020-10-28 09:30:22,654 INFO  com.nopcommerce.users.Level_08_My_Account -  -------------------------- FAILED -------------------------- 
2020-10-28 09:39:44,006 INFO  com.nopcommerce.users.Level_08_My_Account -  -------------------------- PASSED -------------------------- 
2020-10-28 09:39:44,043 INFO  com.nopcommerce.users.Level_08_My_Account -  -------------------------- PASSED -------------------------- 
2020-10-28 09:39:44,080 INFO  com.nopcommerce.users.Level_08_My_Account -  -------------------------- PASSED -------------------------- 
2020-10-28 09:39:44,144 INFO  com.nopcommerce.users.Level_08_My_Account -  -------------------------- PASSED -------------------------- 
2020-10-28 09:39:44,190 INFO  com.nopcommerce.users.Level_08_My_Account -  -------------------------- PASSED -------------------------- 
2020-10-28 09:39:44,482 INFO  com.nopcommerce.users.Level_08_My_Account -  -------------------------- PASSED -------------------------- 
2020-10-28 09:39:44,510 INFO  com.nopcommerce.users.Level_08_My_Account -  -------------------------- PASSED -------------------------- 
2020-10-28 09:39:44,536 INFO  com.nopcommerce.users.Level_08_My_Account -  -------------------------- PASSED -------------------------- 
2020-10-28 09:40:47,438 INFO  com.nopcommerce.users.Level_08_My_Account -  -------------------------- PASSED -------------------------- 
2020-10-28 09:40:47,469 INFO  com.nopcommerce.users.Level_08_My_Account -  -------------------------- PASSED -------------------------- 
2020-10-28 09:40:47,499 INFO  com.nopcommerce.users.Level_08_My_Account -  -------------------------- PASSED -------------------------- 
2020-10-28 09:40:47,553 INFO  com.nopcommerce.users.Level_08_My_Account -  -------------------------- PASSED -------------------------- 
2020-10-28 09:40:47,597 INFO  com.nopcommerce.users.Level_08_My_Account -  -------------------------- PASSED -------------------------- 
2020-10-28 09:40:47,874 INFO  com.nopcommerce.users.Level_08_My_Account -  -------------------------- PASSED -------------------------- 
2020-10-28 09:40:47,917 INFO  com.nopcommerce.users.Level_08_My_Account -  -------------------------- PASSED -------------------------- 
2020-10-28 09:40:47,943 INFO  com.nopcommerce.users.Level_08_My_Account -  -------------------------- PASSED -------------------------- 
2020-10-28 12:00:52,499 INFO  com.nopcommerce.users.Level_08_My_Account -  -------------------------- PASSED -------------------------- 
2020-10-28 12:00:52,535 INFO  com.nopcommerce.users.Level_08_My_Account -  -------------------------- PASSED -------------------------- 
2020-10-28 12:00:52,566 INFO  com.nopcommerce.users.Level_08_My_Account -  -------------------------- PASSED -------------------------- 
2020-10-28 12:00:52,618 INFO  com.nopcommerce.users.Level_08_My_Account -  -------------------------- PASSED -------------------------- 
2020-10-28 12:00:52,678 INFO  com.nopcommerce.users.Level_08_My_Account -  -------------------------- PASSED -------------------------- 
2020-10-28 12:00:52,959 INFO  com.nopcommerce.users.Level_08_My_Account -  -------------------------- PASSED -------------------------- 
2020-10-28 12:00:52,987 INFO  com.nopcommerce.users.Level_08_My_Account -  -------------------------- PASSED -------------------------- 
2020-10-28 12:00:53,012 INFO  com.nopcommerce.users.Level_08_My_Account -  -------------------------- PASSED -------------------------- 
2020-10-28 14:13:56,009 INFO  com.nopcommerce.users.Level_08_My_Account -  -------------------------- PASSED -------------------------- 
2020-10-28 14:13:56,044 INFO  com.nopcommerce.users.Level_08_My_Account -  -------------------------- PASSED -------------------------- 
2020-10-28 14:13:56,072 INFO  com.nopcommerce.users.Level_08_My_Account -  -------------------------- PASSED -------------------------- 
2020-10-28 14:13:56,122 INFO  com.nopcommerce.users.Level_08_My_Account -  -------------------------- PASSED -------------------------- 
2020-10-28 14:13:56,216 INFO  com.nopcommerce.users.Level_08_My_Account -  -------------------------- PASSED -------------------------- 
2020-10-28 14:13:56,517 INFO  com.nopcommerce.users.Level_08_My_Account -  -------------------------- PASSED -------------------------- 
2020-10-28 14:13:56,547 INFO  com.nopcommerce.users.Level_08_My_Account -  -------------------------- PASSED -------------------------- 
2020-10-28 14:13:56,576 INFO  com.nopcommerce.users.Level_08_My_Account -  -------------------------- PASSED -------------------------- 
